[0.064s] DEBUG:colcon:Command line arguments: ['/usr/bin/colcon', 'build']
[0.064s] DEBUG:colcon:Parsed command line arguments: Namespace(log_base=None, log_level=None, verb_name='build', build_base='build', install_base='install', merge_install=False, symlink_install=False, test_result_base=None, continue_on_error=False, executor='parallel', parallel_workers=12, event_handlers=None, ignore_user_meta=False, metas=['./colcon.meta'], base_paths=['.'], packages_ignore=None, packages_ignore_regex=None, paths=None, packages_up_to=None, packages_up_to_regex=None, packages_above=None, packages_above_and_dependencies=None, packages_above_depth=None, packages_select_by_dep=None, packages_skip_by_dep=None, packages_skip_up_to=None, packages_select_build_failed=False, packages_skip_build_finished=False, packages_select_test_failures=False, packages_skip_test_passed=False, packages_select=None, packages_skip=None, packages_select_regex=None, packages_skip_regex=None, packages_start=None, packages_end=None, allow_overriding=[], cmake_args=None, cmake_target=None, cmake_target_skip_unavailable=False, cmake_clean_cache=False, cmake_clean_first=False, cmake_force_configure=False, ament_cmake_args=None, catkin_cmake_args=None, catkin_skip_building_tests=False, verb_parser=<colcon_defaults.argument_parser.defaults.DefaultArgumentsDecorator object at 0x718ac66138b0>, verb_extension=<colcon_core.verb.build.BuildVerb object at 0x718ac66132e0>, main=<bound method BuildVerb.main of <colcon_core.verb.build.BuildVerb object at 0x718ac66132e0>>)
[0.164s] Level 1:colcon.colcon_core.package_discovery:discover_packages(colcon_meta) check parameters
[0.164s] Level 1:colcon.colcon_core.package_discovery:discover_packages(recursive) check parameters
[0.164s] Level 1:colcon.colcon_core.package_discovery:discover_packages(ignore) check parameters
[0.164s] Level 1:colcon.colcon_core.package_discovery:discover_packages(path) check parameters
[0.164s] Level 1:colcon.colcon_core.package_discovery:discover_packages(colcon_meta) discover
[0.164s] Level 1:colcon.colcon_core.package_discovery:discover_packages(recursive) discover
[0.164s] INFO:colcon.colcon_core.package_discovery:Crawling recursively for packages in '/home/minh/robot_model-main'
[0.165s] Level 1:colcon.colcon_core.package_identification:_identify(.) by extensions ['ignore', 'ignore_ament_install']
[0.165s] Level 1:colcon.colcon_core.package_identification:_identify(.) by extension 'ignore'
[0.165s] Level 1:colcon.colcon_core.package_identification:_identify(.) by extension 'ignore_ament_install'
[0.165s] Level 1:colcon.colcon_core.package_identification:_identify(.) by extensions ['colcon_pkg']
[0.165s] Level 1:colcon.colcon_core.package_identification:_identify(.) by extension 'colcon_pkg'
[0.165s] Level 1:colcon.colcon_core.package_identification:_identify(.) by extensions ['colcon_meta']
[0.165s] Level 1:colcon.colcon_core.package_identification:_identify(.) by extension 'colcon_meta'
[0.165s] Level 1:colcon.colcon_core.package_identification:_identify(.) by extensions ['ros']
[0.165s] Level 1:colcon.colcon_core.package_identification:_identify(.) by extension 'ros'
[0.173s] DEBUG:colcon.colcon_core.package_identification:Package '.' with type 'ros.ament_cmake' and name 'robot_model'
[0.173s] Level 1:colcon.colcon_core.package_discovery:discover_packages(recursive) using defaults
[0.173s] Level 1:colcon.colcon_core.package_discovery:discover_packages(ignore) discover
[0.173s] Level 1:colcon.colcon_core.package_discovery:discover_packages(ignore) using defaults
[0.173s] Level 1:colcon.colcon_core.package_discovery:discover_packages(path) discover
[0.173s] Level 1:colcon.colcon_core.package_discovery:discover_packages(path) using defaults
[0.193s] Level 1:colcon.colcon_core.package_discovery:discover_packages(prefix_path) check parameters
[0.193s] Level 1:colcon.colcon_core.package_discovery:discover_packages(prefix_path) discover
[0.194s] DEBUG:colcon.colcon_installed_package_information.package_discovery:Found 1 installed packages in /home/minh/robot_model-main/install
[0.195s] DEBUG:colcon.colcon_installed_package_information.package_discovery:Found 328 installed packages in /opt/ros/humble
[0.196s] Level 1:colcon.colcon_core.package_discovery:discover_packages(prefix_path) using defaults
[0.221s] Level 5:colcon.colcon_core.verb:set package 'robot_model' build argument 'cmake_args' from command line to 'None'
[0.221s] Level 5:colcon.colcon_core.verb:set package 'robot_model' build argument 'cmake_target' from command line to 'None'
[0.221s] Level 5:colcon.colcon_core.verb:set package 'robot_model' build argument 'cmake_target_skip_unavailable' from command line to 'False'
[0.221s] Level 5:colcon.colcon_core.verb:set package 'robot_model' build argument 'cmake_clean_cache' from command line to 'False'
[0.221s] Level 5:colcon.colcon_core.verb:set package 'robot_model' build argument 'cmake_clean_first' from command line to 'False'
[0.221s] Level 5:colcon.colcon_core.verb:set package 'robot_model' build argument 'cmake_force_configure' from command line to 'False'
[0.221s] Level 5:colcon.colcon_core.verb:set package 'robot_model' build argument 'ament_cmake_args' from command line to 'None'
[0.221s] Level 5:colcon.colcon_core.verb:set package 'robot_model' build argument 'catkin_cmake_args' from command line to 'None'
[0.221s] Level 5:colcon.colcon_core.verb:set package 'robot_model' build argument 'catkin_skip_building_tests' from command line to 'False'
[0.221s] DEBUG:colcon.colcon_core.verb:Building package 'robot_model' with the following arguments: {'ament_cmake_args': None, 'build_base': '/home/minh/robot_model-main/build/robot_model', 'catkin_cmake_args': None, 'catkin_skip_building_tests': False, 'cmake_args': None, 'cmake_clean_cache': False, 'cmake_clean_first': False, 'cmake_force_configure': False, 'cmake_target': None, 'cmake_target_skip_unavailable': False, 'install_base': '/home/minh/robot_model-main/install/robot_model', 'merge_install': False, 'path': '/home/minh/robot_model-main', 'symlink_install': False, 'test_result_base': None}
[0.222s] INFO:colcon.colcon_core.executor:Executing jobs using 'parallel' executor
[0.222s] DEBUG:colcon.colcon_parallel_executor.executor.parallel:run_until_complete
[0.223s] INFO:colcon.colcon_ros.task.ament_cmake.build:Building ROS package in '/home/minh/robot_model-main' with build type 'ament_cmake'
[0.223s] INFO:colcon.colcon_cmake.task.cmake.build:Building CMake package in '/home/minh/robot_model-main'
[0.224s] INFO:colcon.colcon_core.plugin_system:Skipping extension 'colcon_core.shell.bat': Not used on non-Windows systems
[0.224s] INFO:colcon.colcon_core.shell:Skip shell extension 'powershell' for command environment: Not usable outside of PowerShell
[0.224s] DEBUG:colcon.colcon_core.shell:Skip shell extension 'dsv' for command environment
[0.230s] DEBUG:colcon.colcon_core.event_handler.log_command:Invoking command in '/home/minh/robot_model-main/build/robot_model': CMAKE_PREFIX_PATH=${CMAKE_PREFIX_PATH}:/opt/ros/humble /usr/bin/cmake /home/minh/robot_model-main -DCMAKE_INSTALL_PREFIX=/home/minh/robot_model-main/install/robot_model
[0.363s] DEBUG:colcon.colcon_core.event_handler.log_command:Invoked command in '/home/minh/robot_model-main/build/robot_model' returned '0': CMAKE_PREFIX_PATH=${CMAKE_PREFIX_PATH}:/opt/ros/humble /usr/bin/cmake /home/minh/robot_model-main -DCMAKE_INSTALL_PREFIX=/home/minh/robot_model-main/install/robot_model
[0.364s] DEBUG:colcon.colcon_core.event_handler.log_command:Invoking command in '/home/minh/robot_model-main/build/robot_model': CMAKE_PREFIX_PATH=${CMAKE_PREFIX_PATH}:/opt/ros/humble /usr/bin/cmake --build /home/minh/robot_model-main/build/robot_model -- -j12 -l12
[0.396s] DEBUG:colcon.colcon_core.event_handler.log_command:Invoked command in '/home/minh/robot_model-main/build/robot_model' returned '0': CMAKE_PREFIX_PATH=${CMAKE_PREFIX_PATH}:/opt/ros/humble /usr/bin/cmake --build /home/minh/robot_model-main/build/robot_model -- -j12 -l12
[0.409s] DEBUG:colcon.colcon_core.event_handler.log_command:Invoking command in '/home/minh/robot_model-main/build/robot_model': CMAKE_PREFIX_PATH=${CMAKE_PREFIX_PATH}:/opt/ros/humble /usr/bin/cmake --install /home/minh/robot_model-main/build/robot_model
[0.426s] Level 1:colcon.colcon_core.environment:create_environment_scripts_only(robot_model)
[0.426s] DEBUG:colcon.colcon_core.event_handler.log_command:Invoked command in '/home/minh/robot_model-main/build/robot_model' returned '0': CMAKE_PREFIX_PATH=${CMAKE_PREFIX_PATH}:/opt/ros/humble /usr/bin/cmake --install /home/minh/robot_model-main/build/robot_model
[0.427s] Level 1:colcon.colcon_core.environment:checking '/home/minh/robot_model-main/install/robot_model' for CMake module files
[0.428s] Level 1:colcon.colcon_core.environment:checking '/home/minh/robot_model-main/install/robot_model' for CMake config files
[0.428s] Level 1:colcon.colcon_core.shell:create_environment_hook('robot_model', 'cmake_prefix_path')
[0.428s] INFO:colcon.colcon_core.shell:Creating environment hook '/home/minh/robot_model-main/install/robot_model/share/robot_model/hook/cmake_prefix_path.ps1'
[0.429s] INFO:colcon.colcon_core.shell:Creating environment descriptor '/home/minh/robot_model-main/install/robot_model/share/robot_model/hook/cmake_prefix_path.dsv'
[0.429s] INFO:colcon.colcon_core.shell:Creating environment hook '/home/minh/robot_model-main/install/robot_model/share/robot_model/hook/cmake_prefix_path.sh'
[0.429s] Level 1:colcon.colcon_core.environment:checking '/home/minh/robot_model-main/install/robot_model/lib'
[0.430s] Level 1:colcon.colcon_core.environment:checking '/home/minh/robot_model-main/install/robot_model/bin'
[0.430s] Level 1:colcon.colcon_core.environment:checking '/home/minh/robot_model-main/install/robot_model/lib/pkgconfig/robot_model.pc'
[0.430s] Level 1:colcon.colcon_core.environment:checking '/home/minh/robot_model-main/install/robot_model/lib/python3.10/site-packages'
[0.430s] Level 1:colcon.colcon_core.environment:checking '/home/minh/robot_model-main/install/robot_model/bin'
[0.430s] INFO:colcon.colcon_core.shell:Creating package script '/home/minh/robot_model-main/install/robot_model/share/robot_model/package.ps1'
[0.431s] INFO:colcon.colcon_core.shell:Creating package descriptor '/home/minh/robot_model-main/install/robot_model/share/robot_model/package.dsv'
[0.431s] INFO:colcon.colcon_core.shell:Creating package script '/home/minh/robot_model-main/install/robot_model/share/robot_model/package.sh'
[0.431s] INFO:colcon.colcon_core.shell:Creating package script '/home/minh/robot_model-main/install/robot_model/share/robot_model/package.bash'
[0.432s] INFO:colcon.colcon_core.shell:Creating package script '/home/minh/robot_model-main/install/robot_model/share/robot_model/package.zsh'
[0.432s] Level 1:colcon.colcon_core.environment:create_file_with_runtime_dependencies(/home/minh/robot_model-main/install/robot_model/share/colcon-core/packages/robot_model)
[0.433s] Level 1:colcon.colcon_core.environment:create_environment_scripts_only(robot_model)
[0.433s] Level 1:colcon.colcon_core.environment:checking '/home/minh/robot_model-main/install/robot_model' for CMake module files
[0.433s] Level 1:colcon.colcon_core.environment:checking '/home/minh/robot_model-main/install/robot_model' for CMake config files
[0.433s] Level 1:colcon.colcon_core.shell:create_environment_hook('robot_model', 'cmake_prefix_path')
[0.434s] INFO:colcon.colcon_core.shell:Creating environment hook '/home/minh/robot_model-main/install/robot_model/share/robot_model/hook/cmake_prefix_path.ps1'
[0.434s] INFO:colcon.colcon_core.shell:Creating environment descriptor '/home/minh/robot_model-main/install/robot_model/share/robot_model/hook/cmake_prefix_path.dsv'
[0.434s] INFO:colcon.colcon_core.shell:Creating environment hook '/home/minh/robot_model-main/install/robot_model/share/robot_model/hook/cmake_prefix_path.sh'
[0.434s] Level 1:colcon.colcon_core.environment:checking '/home/minh/robot_model-main/install/robot_model/lib'
[0.434s] Level 1:colcon.colcon_core.environment:checking '/home/minh/robot_model-main/install/robot_model/bin'
[0.434s] Level 1:colcon.colcon_core.environment:checking '/home/minh/robot_model-main/install/robot_model/lib/pkgconfig/robot_model.pc'
[0.435s] Level 1:colcon.colcon_core.environment:checking '/home/minh/robot_model-main/install/robot_model/lib/python3.10/site-packages'
[0.435s] Level 1:colcon.colcon_core.environment:checking '/home/minh/robot_model-main/install/robot_model/bin'
[0.435s] INFO:colcon.colcon_core.shell:Creating package script '/home/minh/robot_model-main/install/robot_model/share/robot_model/package.ps1'
[0.435s] INFO:colcon.colcon_core.shell:Creating package descriptor '/home/minh/robot_model-main/install/robot_model/share/robot_model/package.dsv'
[0.436s] INFO:colcon.colcon_core.shell:Creating package script '/home/minh/robot_model-main/install/robot_model/share/robot_model/package.sh'
[0.436s] INFO:colcon.colcon_core.shell:Creating package script '/home/minh/robot_model-main/install/robot_model/share/robot_model/package.bash'
[0.436s] INFO:colcon.colcon_core.shell:Creating package script '/home/minh/robot_model-main/install/robot_model/share/robot_model/package.zsh'
[0.436s] Level 1:colcon.colcon_core.environment:create_file_with_runtime_dependencies(/home/minh/robot_model-main/install/robot_model/share/colcon-core/packages/robot_model)
[0.437s] DEBUG:colcon.colcon_parallel_executor.executor.parallel:closing loop
[0.437s] DEBUG:colcon.colcon_parallel_executor.executor.parallel:loop closed
[0.437s] DEBUG:colcon.colcon_parallel_executor.executor.parallel:run_until_complete finished with '0'
[0.437s] DEBUG:colcon.colcon_core.event_reactor:joining thread
[0.440s] INFO:colcon.colcon_core.plugin_system:Skipping extension 'colcon_notification.desktop_notification.terminal_notifier': Not used on non-Darwin systems
[0.440s] INFO:colcon.colcon_core.plugin_system:Skipping extension 'colcon_notification.desktop_notification.win32': Not used on non-Windows systems
[0.440s] INFO:colcon.colcon_notification.desktop_notification:Sending desktop notification using 'notify2'
[0.450s] DEBUG:colcon.colcon_core.event_reactor:joined thread
[0.450s] INFO:colcon.colcon_core.shell:Creating prefix script '/home/minh/robot_model-main/install/local_setup.ps1'
[0.451s] INFO:colcon.colcon_core.shell:Creating prefix util module '/home/minh/robot_model-main/install/_local_setup_util_ps1.py'
[0.452s] INFO:colcon.colcon_core.shell:Creating prefix chain script '/home/minh/robot_model-main/install/setup.ps1'
[0.453s] INFO:colcon.colcon_core.shell:Creating prefix script '/home/minh/robot_model-main/install/local_setup.sh'
[0.453s] INFO:colcon.colcon_core.shell:Creating prefix util module '/home/minh/robot_model-main/install/_local_setup_util_sh.py'
[0.453s] INFO:colcon.colcon_core.shell:Creating prefix chain script '/home/minh/robot_model-main/install/setup.sh'
[0.454s] INFO:colcon.colcon_core.shell:Creating prefix script '/home/minh/robot_model-main/install/local_setup.bash'
[0.454s] INFO:colcon.colcon_core.shell:Creating prefix chain script '/home/minh/robot_model-main/install/setup.bash'
[0.455s] INFO:colcon.colcon_core.shell:Creating prefix script '/home/minh/robot_model-main/install/local_setup.zsh'
[0.455s] INFO:colcon.colcon_core.shell:Creating prefix chain script '/home/minh/robot_model-main/install/setup.zsh'
