[0.007s] Invoking command in '/home/minh/robot_model-main/build/robot_model': CMAKE_PREFIX_PATH=/opt/ros/humble /usr/bin/cmake /home/minh/robot_model-main -DAMENT_CMAKE_SYMLINK_INSTALL=1 -DCMAKE_INSTALL_PREFIX=/home/minh/robot_model-main/install/robot_model
[0.019s] -- Found ament_cmake: 1.3.12 (/opt/ros/humble/share/ament_cmake/cmake)
[0.103s] -- Override CMake install command with custom implementation using symlinks instead of copying resources
[0.160s] -- Configuring done
[0.163s] -- Generating done
[0.164s] -- Build files have been written to: /home/minh/robot_model-main/build/robot_model
[0.167s] Invoked command in '/home/minh/robot_model-main/build/robot_model' returned '0': CMAKE_PREFIX_PATH=/opt/ros/humble /usr/bin/cmake /home/minh/robot_model-main -DAMENT_CMAKE_SYMLINK_INSTALL=1 -DCMAKE_INSTALL_PREFIX=/home/minh/robot_model-main/install/robot_model
[0.169s] Invoking command in '/home/minh/robot_model-main/build/robot_model': CMAKE_PREFIX_PATH=/opt/ros/humble /usr/bin/cmake --build /home/minh/robot_model-main/build/robot_model -- -j12 -l12
[0.195s] Invoked command in '/home/minh/robot_model-main/build/robot_model' returned '0': CMAKE_PREFIX_PATH=/opt/ros/humble /usr/bin/cmake --build /home/minh/robot_model-main/build/robot_model -- -j12 -l12
[0.206s] Invoking command in '/home/minh/robot_model-main/build/robot_model': CMAKE_PREFIX_PATH=/opt/ros/humble /usr/bin/cmake --install /home/minh/robot_model-main/build/robot_model
[0.214s] -- Install configuration: ""
[0.214s] -- Execute custom install script
[0.215s] -- Symlinking: /home/minh/robot_model-main/install/robot_model/share/robot_model/launch/bringup.launch.py
[0.222s] -- Symlinking: /home/minh/robot_model-main/install/robot_model/share/robot_model/launch/launch_sim.launch.py
[0.231s] -- Symlinking: /home/minh/robot_model-main/install/robot_model/share/robot_model/launch/test.launch.py
[0.237s] -- Symlinking: /home/minh/robot_model-main/install/robot_model/share/robot_model/description/camera.xacro
[0.244s] -- Symlinking: /home/minh/robot_model-main/install/robot_model/share/robot_model/description/depth_camera.xacro
[0.251s] -- Symlinking: /home/minh/robot_model-main/install/robot_model/share/robot_model/description/inertial_macros.xacro
[0.260s] -- Symlinking: /home/minh/robot_model-main/install/robot_model/share/robot_model/description/lidar.xacro
[0.266s] -- Symlinking: /home/minh/robot_model-main/install/robot_model/share/robot_model/description/robot.urdf.xacro
[0.271s] -- Symlinking: /home/minh/robot_model-main/install/robot_model/share/robot_model/description/robot_control.xacro
[0.276s] -- Symlinking: /home/minh/robot_model-main/install/robot_model/share/robot_model/description/robot_core.xacro
[0.281s] -- Symlinking: /home/minh/robot_model-main/install/robot_model/share/robot_model/config/bridge_config.yaml
[0.287s] -- Symlinking: /home/minh/robot_model-main/install/robot_model/share/robot_model/config/ekf.yaml
[0.292s] -- Symlinking: /home/minh/robot_model-main/install/robot_model/share/robot_model/config/mapper_params_online_async.yaml
[0.297s] -- Symlinking: /home/minh/robot_model-main/install/robot_model/share/robot_model/rviz/config.rviz
[0.302s] -- Symlinking: /home/minh/robot_model-main/install/robot_model/share/robot_model/worlds/my_world.sdf
[0.307s] -- Symlinking: /home/minh/robot_model-main/install/robot_model/lib/robot_model/odom_to_tf.py
[0.312s] -- Symlinking: /home/minh/robot_model-main/install/robot_model/lib/robot_model/fix_covariance.py
[0.317s] -- Symlinking: /home/minh/robot_model-main/install/robot_model/lib/robot_model/wheel_odom_publisher.py
[0.322s] -- Symlinking: /home/minh/robot_model-main/install/robot_model/share/ament_index/resource_index/package_run_dependencies/robot_model
[0.328s] -- Symlinking: /home/minh/robot_model-main/install/robot_model/share/ament_index/resource_index/parent_prefix_path/robot_model
[0.333s] -- Symlinking: /home/minh/robot_model-main/install/robot_model/share/robot_model/environment/ament_prefix_path.sh
[0.338s] -- Symlinking: /home/minh/robot_model-main/install/robot_model/share/robot_model/environment/ament_prefix_path.dsv
[0.344s] -- Symlinking: /home/minh/robot_model-main/install/robot_model/share/robot_model/environment/path.sh
[0.349s] -- Symlinking: /home/minh/robot_model-main/install/robot_model/share/robot_model/environment/path.dsv
[0.354s] -- Symlinking: /home/minh/robot_model-main/install/robot_model/share/robot_model/local_setup.bash
[0.359s] -- Symlinking: /home/minh/robot_model-main/install/robot_model/share/robot_model/local_setup.sh
[0.366s] -- Symlinking: /home/minh/robot_model-main/install/robot_model/share/robot_model/local_setup.zsh
[0.371s] -- Symlinking: /home/minh/robot_model-main/install/robot_model/share/robot_model/local_setup.dsv
[0.376s] -- Symlinking: /home/minh/robot_model-main/install/robot_model/share/robot_model/package.dsv
[0.381s] -- Symlinking: /home/minh/robot_model-main/install/robot_model/share/ament_index/resource_index/packages/robot_model
[0.387s] -- Symlinking: /home/minh/robot_model-main/install/robot_model/share/robot_model/cmake/robot_modelConfig.cmake
[0.392s] -- Symlinking: /home/minh/robot_model-main/install/robot_model/share/robot_model/cmake/robot_modelConfig-version.cmake
[0.397s] -- Symlinking: /home/minh/robot_model-main/install/robot_model/share/robot_model/package.xml
[0.404s] Invoked command in '/home/minh/robot_model-main/build/robot_model' returned '0': CMAKE_PREFIX_PATH=/opt/ros/humble /usr/bin/cmake --install /home/minh/robot_model-main/build/robot_model
