[0.006s] Invoking command in '/home/minh/robot_model-main/build/robot_model': CMAKE_PREFIX_PATH=${CMAKE_PREFIX_PATH}:/opt/ros/humble /usr/bin/cmake /home/minh/robot_model-main -DCMAKE_INSTALL_PREFIX=/home/minh/robot_model-main/install/robot_model
[0.041s] -- The C compiler identification is GNU 11.4.0
[0.076s] -- The CXX compiler identification is GNU 11.4.0
[0.081s] -- Detecting C compiler ABI info
[0.124s] -- Detecting C compiler ABI info - done
[0.129s] -- Check for working C compiler: /usr/bin/cc - skipped
[0.129s] -- Detecting C compile features
[0.130s] -- Detecting C compile features - done
[0.132s] -- Detecting CXX compiler ABI info
[0.184s] -- Detecting CXX compiler ABI info - done
[0.189s] -- Check for working CXX compiler: /usr/bin/c++ - skipped
[0.189s] -- Detecting CXX compile features
[0.190s] -- Detecting CXX compile features - done
[0.191s] -- Found ament_cmake: 1.3.12 (/opt/ros/humble/share/ament_cmake/cmake)
[0.289s] -- Found Python3: /usr/bin/python3 (found version "3.10.12") found components: Interpreter 
[0.396s] -- Configuring done
[0.397s] -- Generating done
[0.399s] -- Build files have been written to: /home/minh/robot_model-main/build/robot_model
[0.402s] Invoked command in '/home/minh/robot_model-main/build/robot_model' returned '0': CMAKE_PREFIX_PATH=${CMAKE_PREFIX_PATH}:/opt/ros/humble /usr/bin/cmake /home/minh/robot_model-main -DCMAKE_INSTALL_PREFIX=/home/minh/robot_model-main/install/robot_model
[0.403s] Invoking command in '/home/minh/robot_model-main/build/robot_model': CMAKE_PREFIX_PATH=${CMAKE_PREFIX_PATH}:/opt/ros/humble /usr/bin/cmake --build /home/minh/robot_model-main/build/robot_model -- -j12 -l12
[0.429s] Invoked command in '/home/minh/robot_model-main/build/robot_model' returned '0': CMAKE_PREFIX_PATH=${CMAKE_PREFIX_PATH}:/opt/ros/humble /usr/bin/cmake --build /home/minh/robot_model-main/build/robot_model -- -j12 -l12
[0.437s] Invoking command in '/home/minh/robot_model-main/build/robot_model': CMAKE_PREFIX_PATH=${CMAKE_PREFIX_PATH}:/opt/ros/humble /usr/bin/cmake --install /home/minh/robot_model-main/build/robot_model
[0.442s] -- Install configuration: ""
[0.442s] -- Installing: /home/minh/robot_model-main/install/robot_model/share/robot_model/launch
[0.442s] -- Installing: /home/minh/robot_model-main/install/robot_model/share/robot_model/launch/launch_sim.launch.py
[0.442s] -- Installing: /home/minh/robot_model-main/install/robot_model/share/robot_model/launch/bringup.launch.py
[0.442s] -- Installing: /home/minh/robot_model-main/install/robot_model/share/robot_model/launch/test.launch.py
[0.442s] -- Installing: /home/minh/robot_model-main/install/robot_model/share/robot_model/description
[0.442s] -- Installing: /home/minh/robot_model-main/install/robot_model/share/robot_model/description/robot_control.xacro
[0.442s] -- Installing: /home/minh/robot_model-main/install/robot_model/share/robot_model/description/inertial_macros.xacro
[0.442s] -- Installing: /home/minh/robot_model-main/install/robot_model/share/robot_model/description/lidar.xacro
[0.443s] -- Installing: /home/minh/robot_model-main/install/robot_model/share/robot_model/description/camera.xacro
[0.443s] -- Installing: /home/minh/robot_model-main/install/robot_model/share/robot_model/description/robot.urdf.xacro
[0.443s] -- Installing: /home/minh/robot_model-main/install/robot_model/share/robot_model/description/depth_camera.xacro
[0.443s] -- Installing: /home/minh/robot_model-main/install/robot_model/share/robot_model/description/robot_core.xacro
[0.443s] -- Installing: /home/minh/robot_model-main/install/robot_model/share/robot_model/config
[0.443s] -- Installing: /home/minh/robot_model-main/install/robot_model/share/robot_model/config/ekf.yaml
[0.443s] -- Installing: /home/minh/robot_model-main/install/robot_model/share/robot_model/config/bridge_config.yaml
[0.443s] -- Installing: /home/minh/robot_model-main/install/robot_model/share/robot_model/rviz
[0.443s] -- Installing: /home/minh/robot_model-main/install/robot_model/share/robot_model/rviz/config.rviz
[0.443s] -- Installing: /home/minh/robot_model-main/install/robot_model/share/robot_model/worlds
[0.443s] -- Installing: /home/minh/robot_model-main/install/robot_model/share/robot_model/worlds/my_world.sdf
[0.443s] -- Installing: /home/minh/robot_model-main/install/robot_model/lib/robot_model/odom_to_tf.py
[0.443s] -- Installing: /home/minh/robot_model-main/install/robot_model/lib/robot_model/fix_covariance.py
[0.443s] -- Installing: /home/minh/robot_model-main/install/robot_model/share/ament_index/resource_index/package_run_dependencies/robot_model
[0.443s] -- Installing: /home/minh/robot_model-main/install/robot_model/share/ament_index/resource_index/parent_prefix_path/robot_model
[0.443s] -- Installing: /home/minh/robot_model-main/install/robot_model/share/robot_model/environment/ament_prefix_path.sh
[0.443s] -- Installing: /home/minh/robot_model-main/install/robot_model/share/robot_model/environment/ament_prefix_path.dsv
[0.443s] -- Installing: /home/minh/robot_model-main/install/robot_model/share/robot_model/environment/path.sh
[0.443s] -- Installing: /home/minh/robot_model-main/install/robot_model/share/robot_model/environment/path.dsv
[0.443s] -- Installing: /home/minh/robot_model-main/install/robot_model/share/robot_model/local_setup.bash
[0.444s] -- Installing: /home/minh/robot_model-main/install/robot_model/share/robot_model/local_setup.sh
[0.444s] -- Installing: /home/minh/robot_model-main/install/robot_model/share/robot_model/local_setup.zsh
[0.444s] -- Installing: /home/minh/robot_model-main/install/robot_model/share/robot_model/local_setup.dsv
[0.444s] -- Installing: /home/minh/robot_model-main/install/robot_model/share/robot_model/package.dsv
[0.444s] -- Installing: /home/minh/robot_model-main/install/robot_model/share/ament_index/resource_index/packages/robot_model
[0.444s] -- Installing: /home/minh/robot_model-main/install/robot_model/share/robot_model/cmake/robot_modelConfig.cmake
[0.444s] -- Installing: /home/minh/robot_model-main/install/robot_model/share/robot_model/cmake/robot_modelConfig-version.cmake
[0.444s] -- Installing: /home/minh/robot_model-main/install/robot_model/share/robot_model/package.xml
[0.446s] Invoked command in '/home/minh/robot_model-main/build/robot_model' returned '0': CMAKE_PREFIX_PATH=${CMAKE_PREFIX_PATH}:/opt/ros/humble /usr/bin/cmake --install /home/minh/robot_model-main/build/robot_model
